\BOOKMARK [1][-]{section.1}{\376\377\213\276\213\241\173\200\116\313}{}% 1
\BOOKMARK [2][-]{subsection.1.1}{\376\377\134\017\176\304\122\006\135\345\213\364\146\016}{section.1}% 2
\BOOKMARK [1][-]{section.2}{\376\377\213\276\213\241\145\271\150\110}{}% 3
\BOOKMARK [2][-]{subsection.2.1}{\376\377\140\073\117\123\213\276\213\241\140\035\215\357}{section.2}% 4
\BOOKMARK [3][-]{subsubsection.2.1.1}{\376\377\000A\000X\000I\140\073\117\123\213\276\213\241\140\035\215\357}{subsection.2.1}% 5
\BOOKMARK [3][-]{subsubsection.2.1.2}{\376\377\000m\000i\000p\000s\140\073\117\123\213\276\213\241\140\035\215\357}{subsection.2.1}% 6
\BOOKMARK [2][-]{subsection.2.2}{\376\377\121\231\220\017\000d\000\137\000c\000a\000c\000h\000e\152\041\127\127\213\276\213\241}{section.2}% 7
\BOOKMARK [2][-]{subsection.2.3}{\376\377\000s\000r\000a\000m\000\137\000t\000o\000\137\000s\000r\000a\000m\000\137\000l\000i\000k\000e\152\041\127\127\213\276\213\241}{section.2}% 8
\BOOKMARK [2][-]{subsection.2.4}{\376\377\116\130\154\325\126\150\152\041\127\127\213\276\213\241}{section.2}% 9
\BOOKMARK [1][-]{section.3}{\376\377\213\276\213\241\217\307\172\013}{}% 10
\BOOKMARK [2][-]{subsection.3.1}{\376\377\213\276\213\241\155\101\154\064\215\046}{section.3}% 11
\BOOKMARK [2][-]{subsection.3.2}{\376\377\225\031\213\357\213\260\137\125}{section.3}% 12
\BOOKMARK [3][-]{subsubsection.3.2.1}{\376\377\225\031\213\357\0001}{subsection.3.2}% 13
\BOOKMARK [3][-]{subsubsection.3.2.2}{\376\377\225\031\213\357\0002}{subsection.3.2}% 14
\BOOKMARK [3][-]{subsubsection.3.2.3}{\376\377\225\031\213\357\0003}{subsection.3.2}% 15
\BOOKMARK [3][-]{subsubsection.3.2.4}{\376\377\225\031\213\357\0004}{subsection.3.2}% 16
\BOOKMARK [3][-]{subsubsection.3.2.5}{\376\377\225\031\213\357\0005}{subsection.3.2}% 17
\BOOKMARK [3][-]{subsubsection.3.2.6}{\376\377\225\031\213\357\0006}{subsection.3.2}% 18
\BOOKMARK [1][-]{section.4}{\376\377\213\276\213\241\176\323\147\234}{}% 19
\BOOKMARK [2][-]{subsection.4.1}{\376\377\213\276\213\241\116\244\116\330\162\151\213\364\146\016}{section.4}% 20
\BOOKMARK [2][-]{subsection.4.2}{\376\377\213\276\213\241\157\024\171\072\176\323\147\234}{section.4}% 21
\BOOKMARK [3][-]{subsubsection.4.2.1}{\376\377\122\237\200\375\155\113\213\325}{subsection.4.2}% 22
\BOOKMARK [3][-]{subsubsection.4.2.2}{\376\377\140\047\200\375\155\113\213\325}{subsection.4.2}% 23
\BOOKMARK [1][-]{section.5}{\376\377\123\302\200\003\213\276\213\241\213\364\146\016}{}% 24
\BOOKMARK [1][-]{section.6}{\376\377\163\260\127\072\155\373\122\240\143\007\116\344\124\214\173\124\217\251\213\260\137\125}{}% 25
\BOOKMARK [2][-]{subsection.6.1}{\376\377\163\260\127\072\155\373\122\240\143\007\116\344}{section.6}% 26
\BOOKMARK [3][-]{subsubsection.6.1.1}{\376\377\122\006\135\345\140\305\121\265}{subsection.6.1}% 27
\BOOKMARK [3][-]{subsubsection.6.1.2}{\376\377\133\214\142\020\140\305\121\265}{subsection.6.1}% 28
\BOOKMARK [2][-]{subsection.6.2}{\376\377\163\260\127\072\173\124\217\251\213\260\137\125}{section.6}% 29
\BOOKMARK [3][-]{subsubsection.6.2.1}{\376\377\225\356\230\230\0001}{subsection.6.2}% 30
\BOOKMARK [3][-]{subsubsection.6.2.2}{\376\377\225\356\230\230\0002}{subsection.6.2}% 31
\BOOKMARK [3][-]{subsubsection.6.2.3}{\376\377\225\356\230\230\0003}{subsection.6.2}% 32
\BOOKMARK [3][-]{subsubsection.6.2.4}{\376\377\225\356\230\230\0004}{subsection.6.2}% 33
\BOOKMARK [3][-]{subsubsection.6.2.5}{\376\377\225\356\230\230\0005}{subsection.6.2}% 34
\BOOKMARK [3][-]{subsubsection.6.2.6}{\376\377\225\356\230\230\0006}{subsection.6.2}% 35
\BOOKMARK [3][-]{subsubsection.6.2.7}{\376\377\225\356\230\230\0007}{subsection.6.2}% 36
\BOOKMARK [3][-]{subsubsection.6.2.8}{\376\377\225\356\230\230\0008}{subsection.6.2}% 37
\BOOKMARK [3][-]{subsubsection.6.2.9}{\376\377\225\356\230\230\0009}{subsection.6.2}% 38
\BOOKMARK [1][-]{section.7}{\376\377\140\073\176\323}{}% 39
\BOOKMARK [2][-]{subsection.7.1}{\376\377\236\304\225\020\140\073\176\323\141\037\140\363}{section.7}% 40
\BOOKMARK [2][-]{subsection.7.2}{\376\377\163\213\116\026\214\152\140\073\176\323\141\037\140\363}{section.7}% 41
